12A000 (04515) / FFFF0000 (08192)
009ED6 (00893) / FFFF0000 (01536)

(002)----

(003)----
1DC406 (04707) / FFFF0000 (08192)
1DD66A (04312) / FFFF0000 (07168)

(005)----
12A000 (04515) / FFFF0000 (08192)
12B1A4 (03293) / FFFF0000 (08192)
1F8024 (01210) / FFFF0000 (04096)
1F84DE (01667) / FFFF0000 (04096)
1F84DE (01667) / FFFF0000 (04096)
12C5A0 (02384) / FFFF0000 (08192)
12D7C8 (04888) / FFFF0000 (08192)
12EAE0 (05920) / FFFF0000 (08192)
130200 (04743) / FFFF0000 (08192)
12CEF0 (01915) / FFFF0000 (04096)
12D66C (00348) / FFFF0000 (01024)
1E7CF6 (01617) / FFFF0000 (04096)
1E8348 (01015) / FFFF0000 (04096)
12C5A0 (02384) / FFFF0000 (08192)
131488 (02334) / FFFF0000 (04096)
131DA6 (05326) / FFFF0000 (08192)
133274 (04377) / FFFF0000 (08192)
13438E (02169) / FFFF0000 (04096)
12CEF0 (01915) / FFFF0000 (04096)
12D66C (00348) / FFFF0000 (01024)
1E391A (03570) / FFFF5000 (08192)
1E597C (01107) / FFFF7000 (04096)
1EFEB0 (01358) / FFFF0000 (04096)
1F03FE (00492) / FFFF0000 (04096)
12C5A0 (02384) / FFFF0000 (08192)
134C08 (04815) / FFFF0000 (08192)
135ED8 (05128) / FFFF0000 (08192)
1372E0 (03279) / FFFF0000 (06144)
137FB0 (01591) / FFFF0000 (02048)
1385E8 (04892) / FFFF0000 (08192)
12CEF0 (01915) / FFFF0000 (04096)
12D66C (00348) / FFFF0000 (01024)
1E391A (03570) / FFFF5000 (08192)
1E597C (01107) / FFFF7000 (04096)
1E470C (00484) / FFFF0000 (04096)
1E48F0 (00454) / FFFF1000 (04096)
1E532E (00619) / FFFF3000 (04096)
139904 (02381) / FFFF0000 (04096)
13A252 (03740) / FFFF0000 (08192)
13B0EE (01260) / FFFF0000 (02048)

(006)----
1E4AB6 (00276) / FFFF0000 (04096)
13B5DA (02736) / FFFF0000 (04096)
13C08A (03194) / FFFF0000 (06144)
13CD04 (01491) / FFFF0000 (02048)
1E559A (00994) / FF3000 (04096)
1E4F7A (00947) / FF0000 (04096)
1E4BCA (00944) / FF0000 (04096)
13D2D8 (01410) / FFFF0000 (02048)
13D85A (01462) / FFFF0000 (02048)

(007)----
1E470C (00484) / FFFF0000 (04096)
16C906 (01330) / FFFF0000 (02048)
13DE10 (05240) / FFFF0000 (08192)
13F288 (02831) / FFFF0000 (04096)
13FD98 (02336) / FFFF0000 (04096)
12C5A0 (02384) / FFFF0000 (08192)
14C4EE (01169) / FFFF0000 (02048)
1406B8 (01300) / FFFF0000 (02048)

(008)----
16C906 (01330) / FFFF0000 (02048)
140BCC (04966) / FFFF0000 (08192)
141F32 (05485) / FFFF0000 (08192)
1434A0 (02291) / FFFF0000 (04096)
12CEF0 (01915) / FFFF0000 (04096)
12D66C (00348) / FFFF0000 (01024)
1E5DD0 (01547) / FFFF5000 (08192)
1E7B7A (00379) / FFFF7000 (04096)
1E63DC (00883) / FFFF0000 (04096)
1E6750 (00992) / FFFF0000 (04096)
143D94 (02514) / FFFF0000 (04096)
144766 (05375) / FFFF0000 (08192)
145C66 (05034) / FFFF0000 (08192)
147010 (05402) / FFFF0000 (08192)

(009)----
14C4EE (01169) / FFFF0000 (02048)
12C5A0 (02384) / FFFF0000 (08192)
14852A (02212) / FFFF0000 (04096)

(010)----
148DCE (03278) / FFFF0000 (08192)
149A9C (05220) / FFFF0000 (08192)
14AF00 (05614) / FFFF0000 (08192)
12CEF0 (01915) / FFFF0000 (04096)
12D66C (00348) / FFFF0000 (01024)
1E5DD0 (01547) / FFFF5000 (08192)
1E7B7A (00379) / FFFF7000 (04096)
1E6B30 (00929) / FFFF0000 (04096)
1E6ED2 (00421) / FFFF0000 (04096)
1E6ED2 (00421) / FFFF0000 (04096)
1E6B30 (00929) / FFFF0000 (04096)
1E6ED2 (00421) / FFFF0000 (04096)
1E7078 (00709) / FFFF0000 (04096)
1E733E (00705) / FFFF1000 (04096)
1E7600 (00698) / FFFF3000 (04096)
1E78BA (00703) / FFFF8000 (04096)
12C5A0 (02384) / FFFF0000 (08192)
131488 (02334) / FFFF0000 (04096)

(011)----
131DA6 (05326) / FFFF0000 (08192)
133274 (04377) / FFFF0000 (08192)
13438E (02169) / FFFF0000 (04096)
12CEF0 (01915) / FFFF0000 (04096)
12D66C (00348) / FFFF0000 (01024)
1E391A (03570) / FFFF5000 (08192)
1E597C (01107) / FFFF7000 (04096)
1EFEB0 (01358) / FFFF0000 (04096)
1F05EA (00465) / FFFF0000 (04096)
12C5A0 (02384) / FFFF0000 (08192)
157E4A (05393) / FFFF0000 (08192)
15935C (05669) / FFFF0000 (08192)
15A982 (04114) / FFFF0000 (08192)
15B994 (05416) / FFFF0000 (08192)
12CEF0 (01915) / FFFF0000 (04096)
12D66C (00348) / FFFF0000 (01024)
1DECF0 (02735) / FFFF5000 (08192)
1E072A (00578) / FFFF7000 (04096)
1DF7A0 (00899) / FFFF0000 (04096)
1DFB24 (00819) / FFFF0000 (04096)
15CEBC (05879) / FFFF0000 (08192)
15E5B4 (04723) / FFFF0000 (08192)
1DF7A0 (00899) / FFFF0000 (04096)
15F828 (02001) / FFFF0000 (04096)
15FFFA (04604) / FFFF0000 (08192)

(012)----
12C5A0 (02384) / FFFF0000 (08192)
15F828 (02001) / FFFF0000 (04096)
1611F6 (03253) / FFFF0000 (08192)
161EAC (03913) / FFFF0000 (08192)
162DF6 (04274) / FFFF0000 (08192)
12CEF0 (01915) / FFFF0000 (04096)
12D66C (00348) / FFFF0000 (01024)
1DECF0 (02735) / FFFF5000 (08192)
1E072A (00578) / FFFF7000 (04096)
1DFE58 (01695) / FFFF0000 (04096)
1E04F8 (00561) / FFFF0000 (04096)
15F828 (02001) / FFFF0000 (04096)
12C5A0 (02384) / FFFF0000 (08192)
15F828 (02001) / FFFF0000 (04096)

(013)----
15FFFA (04604) / FFFF0000 (08192)
15A982 (04114) / FFFF0000 (08192)
15B994 (05416) / FFFF0000 (08192)
12CEF0 (01915) / FFFF0000 (04096)
12D66C (00348) / FFFF0000 (01024)
1DECF0 (02735) / FFFF5000 (08192)
1E072A (00578) / FFFF7000 (04096)
15F828 (02001) / FFFF0000 (04096)
12C5A0 (02384) / FFFF0000 (08192)
131488 (02334) / FFFF0000 (04096)
131DA6 (05326) / FFFF0000 (08192)
133274 (04377) / FFFF0000 (08192)
13438E (02169) / FFFF0000 (04096)
12CEF0 (01915) / FFFF0000 (04096)
12D66C (00348) / FFFF0000 (01024)
1E391A (03570) / FFFF5000 (08192)
1E597C (01107) / FFFF7000 (04096)
1EFEB0 (01358) / FFFF0000 (04096)
1F07BC (00447) / FFFF0000 (04096)
12C5A0 (02384) / FFFF0000 (08192)
163EA8 (01502) / FFFF0000 (02048)
164486 (01250) / FFFF0000 (02048)
164968 (05517) / FFFF0000 (08192)
165EF6 (05848) / FFFF0000 (08192)
1675CE (05279) / FFFF0000 (08192)
12CEF0 (01915) / FFFF0000 (04096)
12D66C (00348) / FFFF0000 (01024)
1E096C (04158) / FFFF5000 (08192)
1E2FDA (00700) / FFFF7000 (04096)
1E19AA (00735) / FFFF0000 (04096)
163EA8 (01502) / FFFF0000 (02048)
164486 (01250) / FFFF0000 (02048)
1E1C8A (00506) / FFFF0000 (04096)
168A6E (06000) / FFFF0000 (08192)
16A1DE (03423) / FFFF0000 (06144)
164486 (01250) / FFFF0000 (02048)

(014)----
1E19AA (00735) / FFFF0000 (04096)
16AF3E (00945) / FFFF0000 (02048)
1E1E84 (01097) / FFFF0000 (04096)

(015)----
16C906 (01330) / FFFF0000 (02048)
16B2F0 (05654) / FFFF0000 (08192)
1E3296 (00442) / FFFF3000 (04096)
12C5A0 (02384) / FFFF0000 (08192)
16F760 (02853) / FFFF0000 (04096)

(016)----
164968 (05517) / FFFF0000 (08192)
16CE38 (05201) / FFFF0000 (08192)
16E28A (05334) / FFFF0000 (08192)
12CEF0 (01915) / FFFF0000 (04096)
12D66C (00348) / FFFF0000 (01024)
1E22CE (01455) / FFFF5000 (08192)
1E3450 (00356) / FFFF7000 (04096)
1E287E (00763) / FFFF0000 (04096)
1E287E (00763) / FFFF0000 (04096)
1E2B7A (01119) / FFFF0000 (04096)
1E35B4 (00870) / FFFF0000 (04096)
12C5A0 (02384) / FFFF0000 (08192)
18DFAE (03036) / FFFF0000 (08192)

(017)----
18EB8A (01053) / FFFF0000 (02048)
196E2E (05737) / FFFF0000 (08192)
198498 (04782) / FFFF0000 (06144)
193930 (01354) / FFFF0000 (02048)
12CEF0 (01915) / FFFF0000 (04096)
12D66C (00348) / FFFF0000 (01024)
1F0B28 (05156) / FFFF5000 (08192)
1F36D0 (00869) / FFFF7000 (04096)
1F1F4C (00906) / FFFF3000 (04096)
12C5A0 (02384) / FFFF0000 (08192)
193E7A (06077) / FFFF0000 (08192)
18EFA8 (06363) / FFFF0000 (08192)
196E2E (05737) / FFFF0000 (08192)
198498 (04782) / FFFF0000 (06144)
193930 (01354) / FFFF0000 (02048)
12CEF0 (01915) / FFFF0000 (04096)
12D66C (00348) / FFFF0000 (01024)
1F0B28 (05156) / FFFF5000 (08192)
1F36D0 (00869) / FFFF7000 (04096)
1F1F4C (00906) / FFFF3000 (04096)
1F22D6 (00472) / FF0000 (04096)
1F24AE (00576) / FFFF0000 (04096)
190884 (06352) / FFFF0000 (08192)
192154 (06108) / FFFF0000 (08192)
195638 (06133) / FFFF0000 (08192)
199746 (01740) / FFFF0000 (04096)

(018)----
199E12 (02724) / FFFF0000 (04096)
19C328 (06222) / FFFF0000 (08192)
19A8B6 (06770) / FFFF0000 (08192)
1F26EE (01218) / FFFF0000 (04096)

(019)----
12C5A0 (02384) / FFFF0000 (08192)
19C328 (06222) / FFFF0000 (08192)

(020)----
19DB76 (06463) / FFFF0000 (08192)
19F4B6 (01600) / FFFF0000 (02048)
193930 (01354) / FFFF0000 (02048)
12CEF0 (01915) / FFFF0000 (04096)
12D66C (00348) / FFFF0000 (01024)
1F0B28 (05156) / FFFF5000 (08192)
1F36D0 (00869) / FFFF7000 (04096)
1F34B8 (00536) / FFFF0000 (04096)
1F2BB0 (01093) / FFFF0000 (04096)
1F2FF6 (01218) / FFFF0000 (04096)
1F1F4C (00906) / FFFF3000 (04096)
12C5A0 (02384) / FFFF0000 (08192)
1D5812 (02108) / FFFF0000 (04096)

(021)----
1D604E (04597) / FFFF0000 (08192)
1D4CD4 (02877) / FFFF0000 (08192)
12CEF0 (01915) / FFFF0000 (04096)
12D66C (00348) / FFFF0000 (01024)
1F0B28 (05156) / FFFF5000 (08192)
1F36D0 (00869) / FFFF7000 (04096)
1FA64C (00545) / FFFF0000 (04096)
12C5A0 (02384) / FFFF0000 (08192)
1D5812 (02108) / FFFF0000 (04096)
1D604E (04597) / FFFF0000 (08192)
1D4CD4 (02877) / FFFF0000 (08192)
12CEF0 (01915) / FFFF0000 (04096)
12D66C (00348) / FFFF0000 (01024)
1FB516 (02034) / FFFF5000 (08192)
1FBD08 (00481) / FFFF7000 (04096)
1FA86E (00438) / FFFF0000 (04096)
12C5A0 (02384) / FFFF0000 (08192)
1D7462 (05434) / FFFF0000 (08192)

(022)----
1D604E (04597) / FFFF0000 (08192)
1D4CD4 (02877) / FFFF0000 (08192)
1D7244 (00541) / FFFF0000 (02048)
12CEF0 (01915) / FFFF0000 (04096)
12D66C (00348) / FFFF0000 (01024)
1E391A (03570) / FFFF5000 (08192)
1F36D0 (00869) / FFFF7000 (04096)
1FAA24 (00617) / FFFF0000 (04096)
12A000 (04515) / FFFF0000 (08192)
12A000 (04515) / FFFF0000 (08192)
009ED6 (00893) / FFFF0000 (01536)

(023)----
1DC406 (04707) / FFFF0000 (08192)
1DD66A (04312) / FFFF0000 (07168)
12A000 (04515) / FFFF0000 (08192)
12B1A4 (03293) / FFFF0000 (08192)
1F8024 (01210) / FFFF0000 (04096)
1F84DE (01667) / FFFF0000 (04096)
1F84DE (01667) / FFFF0000 (04096)
1DC406 (04707) / FFFF0000 (08192)
1DD66A (04312) / FFFF0000 (07168)
12A000 (04515) / FFFF0000 (08192)
12B1A4 (03293) / FFFF0000 (08192)
1F8024 (01210) / FFFF0000 (04096)
1F84DE (01667) / FFFF0000 (04096)
1F84DE (01667) / FFFF0000 (04096)
12C5A0 (02384) / FFFF0000 (08192)
12D7C8 (04888) / FFFF0000 (08192)
12EAE0 (05920) / FFFF0000 (08192)
130200 (04743) / FFFF0000 (08192)
12CEF0 (01915) / FFFF0000 (04096)
12D66C (00348) / FFFF0000 (01024)
1E7CF6 (01617) / FFFF0000 (04096)
1E8348 (01015) / FFFF0000 (04096)
12C5A0 (02384) / FFFF0000 (08192)
131488 (02334) / FFFF0000 (04096)
131DA6 (05326) / FFFF0000 (08192)
133274 (04377) / FFFF0000 (08192)
13438E (02169) / FFFF0000 (04096)
12CEF0 (01915) / FFFF0000 (04096)
12D66C (00348) / FFFF0000 (01024)
1E391A (03570) / FFFF5000 (08192)
1E597C (01107) / FFFF7000 (04096)
1EFEB0 (01358) / FFFF0000 (04096)
1F03FE (00492) / FFFF0000 (04096)
12C5A0 (02384) / FFFF0000 (08192)
134C08 (04815) / FFFF0000 (08192)
135ED8 (05128) / FFFF0000 (08192)
1372E0 (03279) / FFFF0000 (06144)
137FB0 (01591) / FFFF0000 (02048)
1385E8 (04892) / FFFF0000 (08192)
12CEF0 (01915) / FFFF0000 (04096)
12D66C (00348) / FFFF0000 (01024)
1E391A (03570) / FFFF5000 (08192)
1E597C (01107) / FFFF7000 (04096)
1E470C (00484) / FFFF0000 (04096)
1E48F0 (00454) / FFFF1000 (04096)
1E532E (00619) / FFFF3000 (04096)
139904 (02381) / FFFF0000 (04096)
13A252 (03740) / FFFF0000 (08192)
13B0EE (01260) / FFFF0000 (02048)

(024)----
1E4AB6 (00276) / FFFF0000 (04096)
13B5DA (02736) / FFFF0000 (04096)
13C08A (03194) / FFFF0000 (06144)
13CD04 (01491) / FFFF0000 (02048)
1E559A (00994) / FF3000 (04096)
1E4F7A (00947) / FF0000 (04096)
1E4BCA (00944) / FF0000 (04096)
13D2D8 (01410) / FFFF0000 (02048)
13D85A (01462) / FFFF0000 (02048)
1E470C (00484) / FFFF0000 (04096)
16C906 (01330) / FFFF0000 (02048)
13DE10 (05240) / FFFF0000 (08192)
13F288 (02831) / FFFF0000 (04096)

(025)----
13FD98 (02336) / FFFF0000 (04096)
12C5A0 (02384) / FFFF0000 (08192)
14C4EE (01169) / FFFF0000 (02048)
1406B8 (01300) / FFFF0000 (02048)

(026)----
16C906 (01330) / FFFF0000 (02048)
140BCC (04966) / FFFF0000 (08192)
141F32 (05485) / FFFF0000 (08192)
1434A0 (02291) / FFFF0000 (04096)
12CEF0 (01915) / FFFF0000 (04096)
12D66C (00348) / FFFF0000 (01024)
1E5DD0 (01547) / FFFF5000 (08192)
1E7B7A (00379) / FFFF7000 (04096)
1E63DC (00883) / FFFF0000 (04096)
1E6750 (00992) / FFFF0000 (04096)
143D94 (02514) / FFFF0000 (04096)
144766 (05375) / FFFF0000 (08192)
145C66 (05034) / FFFF0000 (08192)
147010 (05402) / FFFF0000 (08192)
14C4EE (01169) / FFFF0000 (02048)
12C5A0 (02384) / FFFF0000 (08192)
14852A (02212) / FFFF0000 (04096)
148DCE (03278) / FFFF0000 (08192)
149A9C (05220) / FFFF0000 (08192)
14AF00 (05614) / FFFF0000 (08192)
12CEF0 (01915) / FFFF0000 (04096)
12D66C (00348) / FFFF0000 (01024)
1E5DD0 (01547) / FFFF5000 (08192)
1E7B7A (00379) / FFFF7000 (04096)
1E6B30 (00929) / FFFF0000 (04096)
1E6ED2 (00421) / FFFF0000 (04096)
1E6ED2 (00421) / FFFF0000 (04096)
1E6B30 (00929) / FFFF0000 (04096)
1E6ED2 (00421) / FFFF0000 (04096)
1E7078 (00709) / FFFF0000 (04096)
1E733E (00705) / FFFF1000 (04096)
1E7600 (00698) / FFFF3000 (04096)
1E78BA (00703) / FFFF8000 (04096)
12C5A0 (02384) / FFFF0000 (08192)
131488 (02334) / FFFF0000 (04096)

(027)----
131DA6 (05326) / FFFF0000 (08192)
133274 (04377) / FFFF0000 (08192)
13438E (02169) / FFFF0000 (04096)
12CEF0 (01915) / FFFF0000 (04096)
12D66C (00348) / FFFF0000 (01024)
1E391A (03570) / FFFF5000 (08192)
1E597C (01107) / FFFF7000 (04096)
1EFEB0 (01358) / FFFF0000 (04096)
1F05EA (00465) / FFFF0000 (04096)
12C5A0 (02384) / FFFF0000 (08192)
157E4A (05393) / FFFF0000 (08192)

(028)----
15935C (05669) / FFFF0000 (08192)
15A982 (04114) / FFFF0000 (08192)
15B994 (05416) / FFFF0000 (08192)
12CEF0 (01915) / FFFF0000 (04096)
12D66C (00348) / FFFF0000 (01024)
1DECF0 (02735) / FFFF5000 (08192)
1E072A (00578) / FFFF7000 (04096)
1DF7A0 (00899) / FFFF0000 (04096)
1DFB24 (00819) / FFFF0000 (04096)
15CEBC (05879) / FFFF0000 (08192)
15E5B4 (04723) / FFFF0000 (08192)

(029)----
1DF7A0 (00899) / FFFF0000 (04096)
15F828 (02001) / FFFF0000 (04096)
15FFFA (04604) / FFFF0000 (08192)
12C5A0 (02384) / FFFF0000 (08192)
15F828 (02001) / FFFF0000 (04096)

(030)----
1611F6 (03253) / FFFF0000 (08192)
161EAC (03913) / FFFF0000 (08192)
162DF6 (04274) / FFFF0000 (08192)
12CEF0 (01915) / FFFF0000 (04096)
12D66C (00348) / FFFF0000 (01024)
1DECF0 (02735) / FFFF5000 (08192)
1E072A (00578) / FFFF7000 (04096)
1DFE58 (01695) / FFFF0000 (04096)
1E04F8 (00561) / FFFF0000 (04096)
15F828 (02001) / FFFF0000 (04096)
12C5A0 (02384) / FFFF0000 (08192)
15F828 (02001) / FFFF0000 (04096)

(031)----
15FFFA (04604) / FFFF0000 (08192)
15A982 (04114) / FFFF0000 (08192)
15B994 (05416) / FFFF0000 (08192)
12CEF0 (01915) / FFFF0000 (04096)
12D66C (00348) / FFFF0000 (01024)
1DECF0 (02735) / FFFF5000 (08192)
1E072A (00578) / FFFF7000 (04096)
15F828 (02001) / FFFF0000 (04096)
12C5A0 (02384) / FFFF0000 (08192)
131488 (02334) / FFFF0000 (04096)
131DA6 (05326) / FFFF0000 (08192)
133274 (04377) / FFFF0000 (08192)
13438E (02169) / FFFF0000 (04096)
12CEF0 (01915) / FFFF0000 (04096)
12D66C (00348) / FFFF0000 (01024)
1E391A (03570) / FFFF5000 (08192)
1E597C (01107) / FFFF7000 (04096)
1EFEB0 (01358) / FFFF0000 (04096)
1F07BC (00447) / FFFF0000 (04096)
12C5A0 (02384) / FFFF0000 (08192)
163EA8 (01502) / FFFF0000 (02048)
164486 (01250) / FFFF0000 (02048)
164968 (05517) / FFFF0000 (08192)
165EF6 (05848) / FFFF0000 (08192)
1675CE (05279) / FFFF0000 (08192)
12CEF0 (01915) / FFFF0000 (04096)
12D66C (00348) / FFFF0000 (01024)
1E096C (04158) / FFFF5000 (08192)
1E2FDA (00700) / FFFF7000 (04096)
1E19AA (00735) / FFFF0000 (04096)
163EA8 (01502) / FFFF0000 (02048)
164486 (01250) / FFFF0000 (02048)
1E1C8A (00506) / FFFF0000 (04096)
168A6E (06000) / FFFF0000 (08192)
16A1DE (03423) / FFFF0000 (06144)
164486 (01250) / FFFF0000 (02048)
1E19AA (00735) / FFFF0000 (04096)
16AF3E (00945) / FFFF0000 (02048)
1E1E84 (01097) / FFFF0000 (04096)

(032)----
16C906 (01330) / FFFF0000 (02048)
16B2F0 (05654) / FFFF0000 (08192)
1E3296 (00442) / FFFF3000 (04096)
12C5A0 (02384) / FFFF0000 (08192)
16F760 (02853) / FFFF0000 (04096)

(033)----
164968 (05517) / FFFF0000 (08192)
16CE38 (05201) / FFFF0000 (08192)
16E28A (05334) / FFFF0000 (08192)
12CEF0 (01915) / FFFF0000 (04096)
12D66C (00348) / FFFF0000 (01024)
1E22CE (01455) / FFFF5000 (08192)
1E3450 (00356) / FFFF7000 (04096)
1E287E (00763) / FFFF0000 (04096)
1E287E (00763) / FFFF0000 (04096)
1E2B7A (01119) / FFFF0000 (04096)
1E35B4 (00870) / FFFF0000 (04096)
12C5A0 (02384) / FFFF0000 (08192)
19FAF6 (02693) / FFFF0000 (04096)

(034)----
1A057C (01341) / FFFF0000 (02048)
1A0ABA (03446) / FFFF0000 (06144)
1A1830 (03267) / FFFF0000 (08192)
1A24F4 (02938) / FFFF0000 (06144)
1A8B60 (00889) / FFFF0000 (02048)
12CEF0 (01915) / FFFF0000 (04096)
12D66C (00348) / FFFF0000 (01024)
1F3A36 (03959) / FFFF5000 (08192)
1F6A6E (00922) / FFFF7000 (04096)
1F529E (01463) / FFFF0000 (04096)
1F501C (00641) / FFFF0000 (04096)
1F49AE (01645) / FFFF3000 (04096)
12C5A0 (02384) / FFFF0000 (08192)
1A306E (01394) / FFFF0000 (02048)
1A35E0 (00410) / FFFF0000 (02048)

(035)----
1A377A (04040) / FFFF0000 (08192)
1A4742 (01575) / FFFF0000 (04096)
1A4D6A (02538) / FFFF0000 (04096)
1A24F4 (02938) / FFFF0000 (06144)
1A8B60 (00889) / FFFF0000 (02048)
12CEF0 (01915) / FFFF0000 (04096)
12D66C (00348) / FFFF0000 (01024)
1F3A36 (03959) / FFFF5000 (08192)
1F6A6E (00922) / FFFF7000 (04096)
1F49AE (01645) / FFFF3000 (04096)
1F6858 (00534) / FFFF0000 (04096)
1F5856 (00722) / FFFF0000 (04096)
1F5856 (00722) / FFFF0000 (04096)

(036)----
1A860E (00540) / FFFF0000 (02048)
1A882A (00822) / FFFF0000 (02048)
1F5CC8 (00772) / FFFF0000 (04096)
1F5B28 (00416) / FFFF1000 (04096)
1A7CF0 (02334) / FFFF0000 (04096)
1A5754 (04942) / FFFF0000 (08192)
1A6AA2 (04686) / FFFF0000 (08192)
1AAA32 (00599) / FFFF0000 (02048)
1F5FCC (00942) / FFFF0000 (04096)

(037)----
1AAA32 (00599) / FFFF0000 (02048)
1A8EDA (02108) / FFFF0000 (04096)
1A9716 (04307) / FFFF0000 (06144)
1AA7EA (00583) / FFFF0000 (02048)
1AAC8A (01340) / FFFF0000 (02048)
1AB1C6 (05557) / FFFF0000 (08192)
1F637A (01246) / FFFF0000 (04096)
1F49AE (01645) / FFFF3000 (04096)
1AC77C (05722) / FFFF0000 (08192)
1AEE30 (01705) / FFFF0000 (02048)
1ADDD6 (04186) / FFFF0000 (06144)
12C5A0 (02384) / FFFF0000 (08192)
1D899C (02727) / FFFF0000 (04096)

(038)----
1D9444 (02360) / FFFF0000 (04096)
1D4CD4 (02877) / FFFF0000 (08192)
12CEF0 (01915) / FFFF0000 (04096)
12D66C (00348) / FFFF0000 (01024)
1E391A (03570) / FFFF5000 (08192)
1E597C (01107) / FFFF7000 (04096)
1FAC8E (00564) / FFFF0000 (04096)
1FAEC2 (01298) / FFFF0000 (04096)
12C5A0 (02384) / FFFF0000 (08192)
1D899C (02727) / FFFF0000 (04096)
1D9444 (02360) / FFFF0000 (04096)
1D9D7C (01112) / FFFF0000 (02048)
1D4CD4 (02877) / FFFF0000 (08192)
12CEF0 (01915) / FFFF0000 (04096)
12D66C (00348) / FFFF0000 (01024)
1FB516 (02034) / FFFF5000 (08192)
1FBD08 (00481) / FFFF7000 (04096)
1FAEC2 (01298) / FFFF0000 (04096)
12C5A0 (02384) / FFFF0000 (08192)
1DA1D4 (05440) / FFFF0000 (08192)

(039)----
1D9444 (02360) / FFFF0000 (04096)
1D4CD4 (02877) / FFFF0000 (08192)
1DB714 (03313) / FFFF0000 (06144)
12CEF0 (01915) / FFFF0000 (04096)
12D66C (00348) / FFFF0000 (01024)
1E391A (03570) / FFFF5000 (08192)
1E597C (01107) / FFFF7000 (04096)
1FAEC2 (01298) / FFFF0000 (04096)
12A000 (04515) / FFFF0000 (08192)
009ED6 (00893) / FFFF0000 (01536)
12A000 (04515) / FFFF0000 (08192)
009ED6 (00893) / FFFF0000 (01536)

(040)----
1DC406 (04707) / FFFF0000 (08192)
1DD66A (04312) / FFFF0000 (07168)
12A000 (04515) / FFFF0000 (08192)
12B1A4 (03293) / FFFF0000 (08192)
1F8024 (01210) / FFFF0000 (04096)
1F84DE (01667) / FFFF0000 (04096)
1F84DE (01667) / FFFF0000 (04096)
12C5A0 (02384) / FFFF0000 (08192)
12D7C8 (04888) / FFFF0000 (08192)
12EAE0 (05920) / FFFF0000 (08192)
130200 (04743) / FFFF0000 (08192)
12CEF0 (01915) / FFFF0000 (04096)
12D66C (00348) / FFFF0000 (01024)
1E7CF6 (01617) / FFFF0000 (04096)
1E8348 (01015) / FFFF0000 (04096)
12C5A0 (02384) / FFFF0000 (08192)
131488 (02334) / FFFF0000 (04096)
131DA6 (05326) / FFFF0000 (08192)
133274 (04377) / FFFF0000 (08192)
13438E (02169) / FFFF0000 (04096)
12CEF0 (01915) / FFFF0000 (04096)
12D66C (00348) / FFFF0000 (01024)
1E391A (03570) / FFFF5000 (08192)
1E597C (01107) / FFFF7000 (04096)
1EFEB0 (01358) / FFFF0000 (04096)
1F03FE (00492) / FFFF0000 (04096)
12C5A0 (02384) / FFFF0000 (08192)
134C08 (04815) / FFFF0000 (08192)
135ED8 (05128) / FFFF0000 (08192)
1372E0 (03279) / FFFF0000 (06144)
137FB0 (01591) / FFFF0000 (02048)
1385E8 (04892) / FFFF0000 (08192)
12CEF0 (01915) / FFFF0000 (04096)
12D66C (00348) / FFFF0000 (01024)
1E391A (03570) / FFFF5000 (08192)
1E597C (01107) / FFFF7000 (04096)
1E470C (00484) / FFFF0000 (04096)
1E48F0 (00454) / FFFF1000 (04096)
1E532E (00619) / FFFF3000 (04096)
139904 (02381) / FFFF0000 (04096)
13A252 (03740) / FFFF0000 (08192)
13B0EE (01260) / FFFF0000 (02048)

(041)----
1E4AB6 (00276) / FFFF0000 (04096)
13B5DA (02736) / FFFF0000 (04096)
13C08A (03194) / FFFF0000 (06144)
13CD04 (01491) / FFFF0000 (02048)
1E559A (00994) / FF3000 (04096)
1E4F7A (00947) / FF0000 (04096)
1E4BCA (00944) / FF0000 (04096)
13D2D8 (01410) / FFFF0000 (02048)
13D85A (01462) / FFFF0000 (02048)

(042)----
1E470C (00484) / FFFF0000 (04096)
16C906 (01330) / FFFF0000 (02048)
13DE10 (05240) / FFFF0000 (08192)
13F288 (02831) / FFFF0000 (04096)
13FD98 (02336) / FFFF0000 (04096)
12C5A0 (02384) / FFFF0000 (08192)
1406B8 (01300) / FFFF0000 (02048)
14C980 (00823) / FFFF0000 (02048)

(043)----
14CCB8 (02389) / FFFF0000 (04096)
157460 (02537) / FFFF0000 (04096)
14D60E (04486) / FFFF0000 (08192)
14E794 (01491) / FFFF0000 (04096)
14ED68 (01267) / FFFF0000 (02048)
12CEF0 (01915) / FFFF0000 (04096)
12D66C (00348) / FFFF0000 (01024)
1E8740 (03399) / FFFF5000 (08192)
1EA6A6 (00681) / FFFF7000 (04096)
1E9488 (00810) / FFFF0000 (04096)
1E97B2 (01952) / FFFF0000 (04096)
1E9F52 (00720) / FFFF1000 (04096)
14F25C (04045) / FFFF0000 (06144)
15022A (02463) / FFFF0000 (04096)

(044)----
150BCA (05286) / FFFF0000 (08192)
152070 (02904) / FFFF0000 (04096)
1E97B2 (01952) / FFFF0000 (04096)
1E9F52 (00720) / FFFF1000 (04096)
1EA222 (00485) / FFFF0000 (04096)
1E97B2 (01952) / FFFF0000 (04096)
1E9F52 (00720) / FFFF1000 (04096)
152BC8 (02175) / FFFF0000 (04096)
153448 (05151) / FFFF0000 (08192)
154868 (01656) / FFFF0000 (04096)
154EE0 (02620) / FFFF0000 (04096)
15591C (03183) / FFFF0000 (04096)
15658C (03796) / FFFF0000 (06144)
1EA408 (00670) / FFFF0000 (04096)

(045)----
12C5A0 (02384) / FFFF0000 (08192)
131488 (02334) / FFFF0000 (04096)

(046)----
131DA6 (05326) / FFFF0000 (08192)
133274 (04377) / FFFF0000 (08192)
13438E (02169) / FFFF0000 (04096)
12CEF0 (01915) / FFFF0000 (04096)
12D66C (00348) / FFFF0000 (01024)
1E391A (03570) / FFFF5000 (08192)
1E597C (01107) / FFFF7000 (04096)
1EFEB0 (01358) / FFFF0000 (04096)
1F05EA (00465) / FFFF0000 (04096)
12C5A0 (02384) / FFFF0000 (08192)
157E4A (05393) / FFFF0000 (08192)
15935C (05669) / FFFF0000 (08192)
15A982 (04114) / FFFF0000 (08192)
15B994 (05416) / FFFF0000 (08192)
12CEF0 (01915) / FFFF0000 (04096)
12D66C (00348) / FFFF0000 (01024)
1DECF0 (02735) / FFFF5000 (08192)
1E072A (00578) / FFFF7000 (04096)
1DF7A0 (00899) / FFFF0000 (04096)
1DFB24 (00819) / FFFF0000 (04096)
15CEBC (05879) / FFFF0000 (08192)
15E5B4 (04723) / FFFF0000 (08192)

(047)----
1DF7A0 (00899) / FFFF0000 (04096)
15F828 (02001) / FFFF0000 (04096)
15FFFA (04604) / FFFF0000 (08192)
12C5A0 (02384) / FFFF0000 (08192)
15F828 (02001) / FFFF0000 (04096)

(048)----
1611F6 (03253) / FFFF0000 (08192)
161EAC (03913) / FFFF0000 (08192)
162DF6 (04274) / FFFF0000 (08192)
12CEF0 (01915) / FFFF0000 (04096)
12D66C (00348) / FFFF0000 (01024)
1DECF0 (02735) / FFFF5000 (08192)
1E072A (00578) / FFFF7000 (04096)
1DFE58 (01695) / FFFF0000 (04096)
1E04F8 (00561) / FFFF0000 (04096)
15F828 (02001) / FFFF0000 (04096)
12C5A0 (02384) / FFFF0000 (08192)
15F828 (02001) / FFFF0000 (04096)

(049)----
15FFFA (04604) / FFFF0000 (08192)
15A982 (04114) / FFFF0000 (08192)
15B994 (05416) / FFFF0000 (08192)
12CEF0 (01915) / FFFF0000 (04096)
12D66C (00348) / FFFF0000 (01024)
1DECF0 (02735) / FFFF5000 (08192)
1E072A (00578) / FFFF7000 (04096)
15F828 (02001) / FFFF0000 (04096)
12C5A0 (02384) / FFFF0000 (08192)
131488 (02334) / FFFF0000 (04096)
131DA6 (05326) / FFFF0000 (08192)
133274 (04377) / FFFF0000 (08192)
13438E (02169) / FFFF0000 (04096)
12CEF0 (01915) / FFFF0000 (04096)
12D66C (00348) / FFFF0000 (01024)
1E391A (03570) / FFFF5000 (08192)
1E597C (01107) / FFFF7000 (04096)
1EFEB0 (01358) / FFFF0000 (04096)
1F07BC (00447) / FFFF0000 (04096)
12C5A0 (02384) / FFFF0000 (08192)
163EA8 (01502) / FFFF0000 (02048)
164486 (01250) / FFFF0000 (02048)

(050)----
164968 (05517) / FFFF0000 (08192)
165EF6 (05848) / FFFF0000 (08192)
1675CE (05279) / FFFF0000 (08192)
12CEF0 (01915) / FFFF0000 (04096)
12D66C (00348) / FFFF0000 (01024)
1E096C (04158) / FFFF5000 (08192)
1E2FDA (00700) / FFFF7000 (04096)
1E19AA (00735) / FFFF0000 (04096)
163EA8 (01502) / FFFF0000 (02048)
164486 (01250) / FFFF0000 (02048)
1E1C8A (00506) / FFFF0000 (04096)
168A6E (06000) / FFFF0000 (08192)
16A1DE (03423) / FFFF0000 (06144)
164486 (01250) / FFFF0000 (02048)

(051)----
1E19AA (00735) / FFFF0000 (04096)
16AF3E (00945) / FFFF0000 (02048)
1E1E84 (01097) / FFFF0000 (04096)

(052)----
16C906 (01330) / FFFF0000 (02048)
16B2F0 (05654) / FFFF0000 (08192)
1E3296 (00442) / FFFF3000 (04096)
12C5A0 (02384) / FFFF0000 (08192)
16F760 (02853) / FFFF0000 (04096)

(053)----
164968 (05517) / FFFF0000 (08192)
16CE38 (05201) / FFFF0000 (08192)
16E28A (05334) / FFFF0000 (08192)
12CEF0 (01915) / FFFF0000 (04096)
12D66C (00348) / FFFF0000 (01024)
1E22CE (01455) / FFFF5000 (08192)
1E3450 (00356) / FFFF7000 (04096)
1E287E (00763) / FFFF0000 (04096)
1E287E (00763) / FFFF0000 (04096)
1E2B7A (01119) / FFFF0000 (04096)
1E35B4 (00870) / FFFF0000 (04096)
12C5A0 (02384) / FFFF0000 (08192)
131488 (02334) / FFFF0000 (04096)

(054)----
131DA6 (05326) / FFFF0000 (08192)
133274 (04377) / FFFF0000 (08192)
13438E (02169) / FFFF0000 (04096)
12CEF0 (01915) / FFFF0000 (04096)
12D66C (00348) / FFFF0000 (01024)
1E391A (03570) / FFFF5000 (08192)
1E597C (01107) / FFFF7000 (04096)
1EFEB0 (01358) / FFFF0000 (04096)
1F097C (00427) / FFFF0000 (04096)
12C5A0 (02384) / FFFF0000 (08192)
17AC10 (02934) / FFFF0000 (04096)
1406B8 (01300) / FFFF0000 (02048)
17B786 (01403) / FFFF0000 (02048)
17BD02 (05052) / FFFF0000 (08192)
17D0BE (06033) / FFFF0000 (08192)
17E850 (04780) / FFFF0000 (08192)
12CEF0 (01915) / FFFF0000 (04096)
12D66C (00348) / FFFF0000 (01024)
1EBCAC (01201) / FFFF5000 (08192)
1EC4E2 (00333) / FFFF7000 (04096)
1EC15E (00473) / FFFF0000 (04096)
1EC338 (00425) / FFFF0000 (04096)
17FAFC (01018) / FFFF0000 (02048)
12C5A0 (02384) / FFFF0000 (08192)
184F4C (02574) / FFFF0000 (04096)

(056)----

(055)----
15F828 (02001) / FFFF0000 (04096)
18139A (05019) / FFFF0000 (08192)
153448 (05151) / FFFF0000 (08192)
183B7A (05073) / FFFF0000 (08192)
12CEF0 (01915) / FFFF0000 (04096)
12D66C (00348) / FFFF0000 (01024)
1EC630 (03228) / FFFF5000 (08192)
1EEAF4 (00613) / FFFF7000 (04096)
1ED2CC (01000) / FFFF0000 (04096)
17FEF6 (05283) / FFFF0000 (08192)
182736 (05188) / FFFF0000 (08192)

(057)----
12C5A0 (02384) / FFFF0000 (08192)
18595A (02308) / FFFF0000 (04096)

(058)----
18625E (05332) / FFFF0000 (08192)
187732 (04193) / FFFF0000 (08192)
188794 (03571) / FFFF0000 (08192)
12CEF0 (01915) / FFFF0000 (04096)
12D66C (00348) / FFFF0000 (01024)
1ED6B4 (03562) / FFFF5000 (08192)
1EED5A (00459) / FFFF7000 (04096)
1EE49E (00584) / FFFF0000 (04096)
1EE6E6 (01038) / FFFF0000 (04096)
1EE49E (00584) / FFFF3000 (04096)
189588 (02602) / FFFF0000 (04096)
189FB2 (06362) / FFFF0000 (08192)

(059)----
18B88C (05950) / FFFF0000 (08192)
18CFCA (04067) / FFFF0000 (08192)
12C5A0 (02384) / FFFF0000 (08192)
14C980 (00823) / FFFF0000 (02048)

(060)----
14CCB8 (02389) / FFFF0000 (04096)
1CCCD2 (03000) / FFFF0000 (08192)
1D4CD4 (02877) / FFFF0000 (08192)
14E794 (01491) / FFFF0000 (04096)
12CEF0 (01915) / FFFF0000 (04096)
12D66C (00348) / FFFF0000 (01024)
1E391A (03570) / FFFF5000 (08192)
1E597C (01107) / FFFF7000 (04096)
1E97B2 (01952) / FFFF3000 (04096)
12C5A0 (02384) / FFFF0000 (08192)
1C9510 (04671) / FFFF0000 (08192)
1CA750 (05714) / FFFF0000 (08192)
1D4CD4 (02877) / FFFF0000 (08192)
1CBDA2 (03887) / FFFF0000 (06144)
12CEF0 (01915) / FFFF0000 (04096)
12D66C (00348) / FFFF0000 (01024)
1E391A (03570) / FFFF5000 (08192)
1E597C (01107) / FFFF7000 (04096)
1F95B8 (00571) / FFFF0000 (04096)
1F97F4 (00634) / FFFF0000 (04096)
12C5A0 (02384) / FFFF0000 (08192)
14C980 (00823) / FFFF0000 (02048)
14CCB8 (02389) / FFFF0000 (04096)
1CCCD2 (03000) / FFFF0000 (08192)
1D4CD4 (02877) / FFFF0000 (08192)
14E794 (01491) / FFFF0000 (04096)
12CEF0 (01915) / FFFF0000 (04096)
12D66C (00348) / FFFF0000 (01024)
1FB516 (02034) / FFFF5000 (08192)
1FBD08 (00481) / FFFF7000 (04096)
1E97B2 (01952) / FFFF3000 (04096)
12C5A0 (02384) / FFFF0000 (08192)
1C9510 (04671) / FFFF0000 (08192)

(061)----
1CA750 (05714) / FFFF0000 (08192)
1D4CD4 (02877) / FFFF0000 (08192)
1CBDA2 (03887) / FFFF0000 (06144)
12CEF0 (01915) / FFFF0000 (04096)
12D66C (00348) / FFFF0000 (01024)
1E391A (03570) / FFFF5000 (08192)
1E597C (01107) / FFFF7000 (04096)
1F9A6E (00455) / FFFF0000 (04096)
12A000 (04515) / FFFF0000 (08192)
12A000 (04515) / FFFF0000 (08192)
009ED6 (00893) / FFFF0000 (01536)

(062)----
1DC406 (04707) / FFFF0000 (08192)
1DD66A (04312) / FFFF0000 (07168)
12A000 (04515) / FFFF0000 (08192)
12B1A4 (03293) / FFFF0000 (08192)
1F8024 (01210) / FFFF0000 (04096)
1F84DE (01667) / FFFF0000 (04096)
1F84DE (01667) / FFFF0000 (04096)
12C5A0 (02384) / FFFF0000 (08192)
12D7C8 (04888) / FFFF0000 (08192)
12EAE0 (05920) / FFFF0000 (08192)
130200 (04743) / FFFF0000 (08192)
12CEF0 (01915) / FFFF0000 (04096)
12D66C (00348) / FFFF0000 (01024)
1E7CF6 (01617) / FFFF0000 (04096)
1E8348 (01015) / FFFF0000 (04096)
12C5A0 (02384) / FFFF0000 (08192)
131488 (02334) / FFFF0000 (04096)
131DA6 (05326) / FFFF0000 (08192)
133274 (04377) / FFFF0000 (08192)
13438E (02169) / FFFF0000 (04096)
12CEF0 (01915) / FFFF0000 (04096)
12D66C (00348) / FFFF0000 (01024)
1E391A (03570) / FFFF5000 (08192)
1E597C (01107) / FFFF7000 (04096)
1EFEB0 (01358) / FFFF0000 (04096)
1F03FE (00492) / FFFF0000 (04096)
12C5A0 (02384) / FFFF0000 (08192)
134C08 (04815) / FFFF0000 (08192)
135ED8 (05128) / FFFF0000 (08192)
1372E0 (03279) / FFFF0000 (06144)
137FB0 (01591) / FFFF0000 (02048)
1385E8 (04892) / FFFF0000 (08192)
12CEF0 (01915) / FFFF0000 (04096)
12D66C (00348) / FFFF0000 (01024)
1E391A (03570) / FFFF5000 (08192)
1E597C (01107) / FFFF7000 (04096)
1E470C (00484) / FFFF0000 (04096)
1E48F0 (00454) / FFFF1000 (04096)
1E532E (00619) / FFFF3000 (04096)
139904 (02381) / FFFF0000 (04096)
13A252 (03740) / FFFF0000 (08192)
13B0EE (01260) / FFFF0000 (02048)

(063)----
1E4AB6 (00276) / FFFF0000 (04096)
13B5DA (02736) / FFFF0000 (04096)
13C08A (03194) / FFFF0000 (06144)
13CD04 (01491) / FFFF0000 (02048)
1E559A (00994) / FF3000 (04096)
1E4F7A (00947) / FF0000 (04096)
1E4BCA (00944) / FF0000 (04096)
13D2D8 (01410) / FFFF0000 (02048)
13D85A (01462) / FFFF0000 (02048)

(064)----
1E470C (00484) / FFFF0000 (04096)
16C906 (01330) / FFFF0000 (02048)
13DE10 (05240) / FFFF0000 (08192)
13F288 (02831) / FFFF0000 (04096)
13FD98 (02336) / FFFF0000 (04096)
12C5A0 (02384) / FFFF0000 (08192)
1406B8 (01300) / FFFF0000 (02048)
14C980 (00823) / FFFF0000 (02048)

(065)----
14CCB8 (02389) / FFFF0000 (04096)
157460 (02537) / FFFF0000 (04096)
14D60E (04486) / FFFF0000 (08192)
14E794 (01491) / FFFF0000 (04096)
14ED68 (01267) / FFFF0000 (02048)
12CEF0 (01915) / FFFF0000 (04096)
12D66C (00348) / FFFF0000 (01024)
1E8740 (03399) / FFFF5000 (08192)
1EA6A6 (00681) / FFFF7000 (04096)
1E9488 (00810) / FFFF0000 (04096)
1E97B2 (01952) / FFFF0000 (04096)
1E9F52 (00720) / FFFF1000 (04096)
14F25C (04045) / FFFF0000 (06144)
15022A (02463) / FFFF0000 (04096)

(066)----
150BCA (05286) / FFFF0000 (08192)
152070 (02904) / FFFF0000 (04096)
1E97B2 (01952) / FFFF0000 (04096)
1E9F52 (00720) / FFFF1000 (04096)
1EA222 (00485) / FFFF0000 (04096)
1E97B2 (01952) / FFFF0000 (04096)
1E9F52 (00720) / FFFF1000 (04096)
152BC8 (02175) / FFFF0000 (04096)
153448 (05151) / FFFF0000 (08192)
154868 (01656) / FFFF0000 (04096)
154EE0 (02620) / FFFF0000 (04096)
15591C (03183) / FFFF0000 (04096)
15658C (03796) / FFFF0000 (06144)
1EA408 (00670) / FFFF0000 (04096)

(067)----
12C5A0 (02384) / FFFF0000 (08192)
131488 (02334) / FFFF0000 (04096)

(068)----
131DA6 (05326) / FFFF0000 (08192)
133274 (04377) / FFFF0000 (08192)
13438E (02169) / FFFF0000 (04096)
12CEF0 (01915) / FFFF0000 (04096)
12D66C (00348) / FFFF0000 (01024)
1E391A (03570) / FFFF5000 (08192)
1E597C (01107) / FFFF7000 (04096)
1EFEB0 (01358) / FFFF0000 (04096)
1F05EA (00465) / FFFF0000 (04096)
12C5A0 (02384) / FFFF0000 (08192)
157E4A (05393) / FFFF0000 (08192)
15935C (05669) / FFFF0000 (08192)
15A982 (04114) / FFFF0000 (08192)
15B994 (05416) / FFFF0000 (08192)
12CEF0 (01915) / FFFF0000 (04096)
12D66C (00348) / FFFF0000 (01024)
1DECF0 (02735) / FFFF5000 (08192)
1E072A (00578) / FFFF7000 (04096)
1DF7A0 (00899) / FFFF0000 (04096)
1DFB24 (00819) / FFFF0000 (04096)
15CEBC (05879) / FFFF0000 (08192)
15E5B4 (04723) / FFFF0000 (08192)

(069)----
1DF7A0 (00899) / FFFF0000 (04096)
15F828 (02001) / FFFF0000 (04096)
15FFFA (04604) / FFFF0000 (08192)
12C5A0 (02384) / FFFF0000 (08192)
15F828 (02001) / FFFF0000 (04096)
1611F6 (03253) / FFFF0000 (08192)
161EAC (03913) / FFFF0000 (08192)
162DF6 (04274) / FFFF0000 (08192)
12CEF0 (01915) / FFFF0000 (04096)
12D66C (00348) / FFFF0000 (01024)
1DECF0 (02735) / FFFF5000 (08192)
1E072A (00578) / FFFF7000 (04096)
1DFE58 (01695) / FFFF0000 (04096)
1E04F8 (00561) / FFFF0000 (04096)
15F828 (02001) / FFFF0000 (04096)
12C5A0 (02384) / FFFF0000 (08192)
15F828 (02001) / FFFF0000 (04096)

(070)----
15FFFA (04604) / FFFF0000 (08192)
15A982 (04114) / FFFF0000 (08192)
15B994 (05416) / FFFF0000 (08192)
12CEF0 (01915) / FFFF0000 (04096)
12D66C (00348) / FFFF0000 (01024)
1DECF0 (02735) / FFFF5000 (08192)
1E072A (00578) / FFFF7000 (04096)
15F828 (02001) / FFFF0000 (04096)
12C5A0 (02384) / FFFF0000 (08192)
131488 (02334) / FFFF0000 (04096)
131DA6 (05326) / FFFF0000 (08192)
133274 (04377) / FFFF0000 (08192)
13438E (02169) / FFFF0000 (04096)
12CEF0 (01915) / FFFF0000 (04096)
12D66C (00348) / FFFF0000 (01024)
1E391A (03570) / FFFF5000 (08192)
1E597C (01107) / FFFF7000 (04096)
1EFEB0 (01358) / FFFF0000 (04096)
1F07BC (00447) / FFFF0000 (04096)
12C5A0 (02384) / FFFF0000 (08192)
163EA8 (01502) / FFFF0000 (02048)
164486 (01250) / FFFF0000 (02048)
164968 (05517) / FFFF0000 (08192)
165EF6 (05848) / FFFF0000 (08192)
1675CE (05279) / FFFF0000 (08192)
12CEF0 (01915) / FFFF0000 (04096)
12D66C (00348) / FFFF0000 (01024)
1E096C (04158) / FFFF5000 (08192)
1E2FDA (00700) / FFFF7000 (04096)
1E19AA (00735) / FFFF0000 (04096)
163EA8 (01502) / FFFF0000 (02048)
164486 (01250) / FFFF0000 (02048)
1E1C8A (00506) / FFFF0000 (04096)
168A6E (06000) / FFFF0000 (08192)
16A1DE (03423) / FFFF0000 (06144)
164486 (01250) / FFFF0000 (02048)
1E19AA (00735) / FFFF0000 (04096)
16AF3E (00945) / FFFF0000 (02048)
1E1E84 (01097) / FFFF0000 (04096)

(071)----
16C906 (01330) / FFFF0000 (02048)
16B2F0 (05654) / FFFF0000 (08192)
1E3296 (00442) / FFFF3000 (04096)
12C5A0 (02384) / FFFF0000 (08192)
16F760 (02853) / FFFF0000 (04096)

(072)----
164968 (05517) / FFFF0000 (08192)
16CE38 (05201) / FFFF0000 (08192)
16E28A (05334) / FFFF0000 (08192)
12CEF0 (01915) / FFFF0000 (04096)
12D66C (00348) / FFFF0000 (01024)
1E22CE (01455) / FFFF5000 (08192)
1E3450 (00356) / FFFF7000 (04096)
1E287E (00763) / FFFF0000 (04096)
1E287E (00763) / FFFF0000 (04096)
1E2B7A (01119) / FFFF0000 (04096)
1E35B4 (00870) / FFFF0000 (04096)
12C5A0 (02384) / FFFF0000 (08192)
13D85A (01462) / FFFF0000 (02048)
16C906 (01330) / FFFF0000 (02048)

(073)----
170286 (02649) / FFFF0000 (04096)
170CE0 (02029) / FFFF0000 (04096)
1714CE (02192) / FFFF0000 (04096)
13FD98 (02336) / FFFF0000 (04096)
171D5E (04658) / FFFF0000 (08192)
12CEF0 (01915) / FFFF0000 (04096)
12D66C (00348) / FFFF0000 (01024)
1EA950 (02983) / FFFF5000 (08192)
1EBAA2 (00522) / FFFF7000 (04096)
1EB4F8 (00705) / FFFF0000 (04096)
1EB7BA (00744) / FFFF0000 (04096)
17AAC6 (00329) / FFFF2000 (01024)
172F90 (04468) / FFFF0000 (08192)
153448 (05151) / FFFF0000 (08192)
174104 (04819) / FFFF0000 (08192)
1753D8 (02763) / FFFF0000 (04096)

(074)----
175EA4 (04251) / FFFF0000 (08192)
176F40 (06301) / FFFF0000 (08192)
1787DE (02941) / FFFF0000 (04096)

(075)----
17935C (05993) / FFFF0000 (08192)
12C5A0 (02384) / FFFF0000 (08192)
1B3678 (05421) / FFFF0000 (08192)

(076)----
1B1334 (04302) / FFFF0000 (08192)
1B2402 (01382) / FFFF0000 (02048)
1B2968 (03343) / FFFF0000 (06144)
12CEF0 (01915) / FFFF0000 (04096)
12D66C (00348) / FFFF0000 (01024)
1F6E08 (03403) / FFFF5000 (08192)
1F7D88 (00668) / FFFF7000 (04096)
1F7B54 (00563) / FFFF0000 (04096)
1F7B54 (00563) / FFFF0000 (04096)
1BEA70 (00761) / FFFF2000 (02048)
1AF4DA (02512) / FFFF0000 (04096)
1AFEAA (05258) / FFFF0000 (08192)
1B1334 (04302) / FFFF0000 (08192)
1B4BA6 (05927) / FFFF0000 (08192)
1B62CE (01653) / FFFF0000 (02048)
1B6944 (00928) / FFFF0000 (02048)

(077)----
1B6CE4 (02784) / FFFF0000 (04096)

(078)----
1B77C4 (01726) / FFFF0000 (02048)
12C5A0 (02384) / FFFF0000 (08192)
1B7E82 (02859) / FFFF0000 (04096)
1B89AE (06513) / FFFF0000 (08192)
1BA320 (03210) / FFFF0000 (04096)
1B6CE4 (02784) / FFFF0000 (04096)
1B77C4 (01726) / FFFF0000 (02048)
1B2968 (03343) / FFFF0000 (06144)
12CEF0 (01915) / FFFF0000 (04096)
12D66C (00348) / FFFF0000 (01024)
1F6E08 (03403) / FFFF5000 (08192)
1F7D88 (00668) / FFFF7000 (04096)
1F7B54 (00563) / FFFF0000 (04096)
1BEA70 (00761) / FFFF2000 (02048)
1BAFAA (06447) / FFFF0000 (08192)
1BC8DA (05657) / FFFF0000 (08192)

(079)----
1BDEF4 (02940) / FFFF0000 (04096)
12C5A0 (02384) / FFFF0000 (08192)
1CFFAC (04094) / FFFF0000 (06144)

(080)----
14C980 (00823) / FFFF0000 (02048)
1D0FAA (04899) / FFFF0000 (08192)
1D4CD4 (02877) / FFFF0000 (08192)
14E794 (01491) / FFFF0000 (04096)
1D22CE (02488) / FFFF0000 (04096)
12CEF0 (01915) / FFFF0000 (04096)
12D66C (00348) / FFFF0000 (01024)
1E391A (03570) / FFFF5000 (08192)
1E597C (01107) / FFFF7000 (04096)
1F9F42 (00359) / FFFF0000 (04096)
12C5A0 (02384) / FFFF0000 (08192)
1CFFAC (04094) / FFFF0000 (06144)
14C980 (00823) / FFFF0000 (02048)
1D0FAA (04899) / FFFF0000 (08192)
1D4CD4 (02877) / FFFF0000 (08192)
14E794 (01491) / FFFF0000 (04096)
1D22CE (02488) / FFFF0000 (04096)
12CEF0 (01915) / FFFF0000 (04096)
12D66C (00348) / FFFF0000 (01024)
1FB516 (02034) / FFFF5000 (08192)
1FBD08 (00481) / FFFF7000 (04096)
1FA0AA (00359) / FFFF0000 (04096)
12A000 (04515) / FFFF0000 (08192)
12A000 (04515) / FFFF0000 (08192)
009ED6 (00893) / FFFF0000 (01536)

(082)----

(081)----
1DC406 (04707) / FFFF0000 (08192)
1DD66A (04312) / FFFF0000 (07168)
12A000 (04515) / FFFF0000 (08192)
12B1A4 (03293) / FFFF0000 (08192)
1F8024 (01210) / FFFF0000 (04096)
1F84DE (01667) / FFFF0000 (04096)
1F84DE (01667) / FFFF0000 (04096)
12C5A0 (02384) / FFFF0000 (08192)
12D7C8 (04888) / FFFF0000 (08192)
12EAE0 (05920) / FFFF0000 (08192)
130200 (04743) / FFFF0000 (08192)
12CEF0 (01915) / FFFF0000 (04096)
12D66C (00348) / FFFF0000 (01024)
1E7CF6 (01617) / FFFF0000 (04096)
1E8348 (01015) / FFFF0000 (04096)
12C5A0 (02384) / FFFF0000 (08192)
131488 (02334) / FFFF0000 (04096)
131DA6 (05326) / FFFF0000 (08192)
133274 (04377) / FFFF0000 (08192)
13438E (02169) / FFFF0000 (04096)
12CEF0 (01915) / FFFF0000 (04096)
12D66C (00348) / FFFF0000 (01024)
1E391A (03570) / FFFF5000 (08192)
1E597C (01107) / FFFF7000 (04096)
1EFEB0 (01358) / FFFF0000 (04096)
1F03FE (00492) / FFFF0000 (04096)
12C5A0 (02384) / FFFF0000 (08192)
134C08 (04815) / FFFF0000 (08192)
135ED8 (05128) / FFFF0000 (08192)
1372E0 (03279) / FFFF0000 (06144)
137FB0 (01591) / FFFF0000 (02048)
1385E8 (04892) / FFFF0000 (08192)
12CEF0 (01915) / FFFF0000 (04096)
12D66C (00348) / FFFF0000 (01024)
1E391A (03570) / FFFF5000 (08192)
1E597C (01107) / FFFF7000 (04096)
1E470C (00484) / FFFF0000 (04096)
1E48F0 (00454) / FFFF1000 (04096)
1E532E (00619) / FFFF3000 (04096)
139904 (02381) / FFFF0000 (04096)
13A252 (03740) / FFFF0000 (08192)
13B0EE (01260) / FFFF0000 (02048)

(083)----
1E4AB6 (00276) / FFFF0000 (04096)
13B5DA (02736) / FFFF0000 (04096)
13C08A (03194) / FFFF0000 (06144)
13CD04 (01491) / FFFF0000 (02048)
1E559A (00994) / FF3000 (04096)
1E4F7A (00947) / FF0000 (04096)
1E4BCA (00944) / FF0000 (04096)
13D2D8 (01410) / FFFF0000 (02048)
13D85A (01462) / FFFF0000 (02048)

(084)----
1E470C (00484) / FFFF0000 (04096)
16C906 (01330) / FFFF0000 (02048)
13DE10 (05240) / FFFF0000 (08192)
13F288 (02831) / FFFF0000 (04096)
13FD98 (02336) / FFFF0000 (04096)
12C5A0 (02384) / FFFF0000 (08192)
1406B8 (01300) / FFFF0000 (02048)
14C980 (00823) / FFFF0000 (02048)

(085)----
14CCB8 (02389) / FFFF0000 (04096)
157460 (02537) / FFFF0000 (04096)
14D60E (04486) / FFFF0000 (08192)
14E794 (01491) / FFFF0000 (04096)
14ED68 (01267) / FFFF0000 (02048)
12CEF0 (01915) / FFFF0000 (04096)
12D66C (00348) / FFFF0000 (01024)
1E8740 (03399) / FFFF5000 (08192)
1EA6A6 (00681) / FFFF7000 (04096)
1E9488 (00810) / FFFF0000 (04096)
1E97B2 (01952) / FFFF0000 (04096)
1E9F52 (00720) / FFFF1000 (04096)
14F25C (04045) / FFFF0000 (06144)
15022A (02463) / FFFF0000 (04096)

(086)----
150BCA (05286) / FFFF0000 (08192)
152070 (02904) / FFFF0000 (04096)
1E97B2 (01952) / FFFF0000 (04096)
1E9F52 (00720) / FFFF1000 (04096)
1EA222 (00485) / FFFF0000 (04096)
1E97B2 (01952) / FFFF0000 (04096)
1E9F52 (00720) / FFFF1000 (04096)
152BC8 (02175) / FFFF0000 (04096)
153448 (05151) / FFFF0000 (08192)
154868 (01656) / FFFF0000 (04096)
154EE0 (02620) / FFFF0000 (04096)
15591C (03183) / FFFF0000 (04096)
15658C (03796) / FFFF0000 (06144)
1EA408 (00670) / FFFF0000 (04096)

(087)----
12C5A0 (02384) / FFFF0000 (08192)
131488 (02334) / FFFF0000 (04096)

(088)----
131DA6 (05326) / FFFF0000 (08192)
133274 (04377) / FFFF0000 (08192)
13438E (02169) / FFFF0000 (04096)
12CEF0 (01915) / FFFF0000 (04096)
12D66C (00348) / FFFF0000 (01024)
1E391A (03570) / FFFF5000 (08192)
1E597C (01107) / FFFF7000 (04096)
1EFEB0 (01358) / FFFF0000 (04096)
1F05EA (00465) / FFFF0000 (04096)
12C5A0 (02384) / FFFF0000 (08192)
157E4A (05393) / FFFF0000 (08192)
15935C (05669) / FFFF0000 (08192)
15A982 (04114) / FFFF0000 (08192)
15B994 (05416) / FFFF0000 (08192)
12CEF0 (01915) / FFFF0000 (04096)
12D66C (00348) / FFFF0000 (01024)
1DECF0 (02735) / FFFF5000 (08192)
1E072A (00578) / FFFF7000 (04096)
1DF7A0 (00899) / FFFF0000 (04096)
1DFB24 (00819) / FFFF0000 (04096)
15CEBC (05879) / FFFF0000 (08192)
15E5B4 (04723) / FFFF0000 (08192)

(089)----
1DF7A0 (00899) / FFFF0000 (04096)
15F828 (02001) / FFFF0000 (04096)
15FFFA (04604) / FFFF0000 (08192)
12C5A0 (02384) / FFFF0000 (08192)
15F828 (02001) / FFFF0000 (04096)
1611F6 (03253) / FFFF0000 (08192)
161EAC (03913) / FFFF0000 (08192)
162DF6 (04274) / FFFF0000 (08192)
12CEF0 (01915) / FFFF0000 (04096)
12D66C (00348) / FFFF0000 (01024)
1DECF0 (02735) / FFFF5000 (08192)
1E072A (00578) / FFFF7000 (04096)
1DFE58 (01695) / FFFF0000 (04096)
1E04F8 (00561) / FFFF0000 (04096)
15F828 (02001) / FFFF0000 (04096)
12C5A0 (02384) / FFFF0000 (08192)
15F828 (02001) / FFFF0000 (04096)

(090)----
15FFFA (04604) / FFFF0000 (08192)
15A982 (04114) / FFFF0000 (08192)
15B994 (05416) / FFFF0000 (08192)
12CEF0 (01915) / FFFF0000 (04096)
12D66C (00348) / FFFF0000 (01024)
1DECF0 (02735) / FFFF5000 (08192)
1E072A (00578) / FFFF7000 (04096)
15F828 (02001) / FFFF0000 (04096)
12C5A0 (02384) / FFFF0000 (08192)
131488 (02334) / FFFF0000 (04096)
131DA6 (05326) / FFFF0000 (08192)
133274 (04377) / FFFF0000 (08192)
13438E (02169) / FFFF0000 (04096)
12CEF0 (01915) / FFFF0000 (04096)
12D66C (00348) / FFFF0000 (01024)
1E391A (03570) / FFFF5000 (08192)
1E597C (01107) / FFFF7000 (04096)
1EFEB0 (01358) / FFFF0000 (04096)
1F07BC (00447) / FFFF0000 (04096)
12C5A0 (02384) / FFFF0000 (08192)
163EA8 (01502) / FFFF0000 (02048)
164486 (01250) / FFFF0000 (02048)
164968 (05517) / FFFF0000 (08192)
165EF6 (05848) / FFFF0000 (08192)
1675CE (05279) / FFFF0000 (08192)
12CEF0 (01915) / FFFF0000 (04096)
12D66C (00348) / FFFF0000 (01024)
1E096C (04158) / FFFF5000 (08192)
1E2FDA (00700) / FFFF7000 (04096)
1E19AA (00735) / FFFF0000 (04096)
163EA8 (01502) / FFFF0000 (02048)
164486 (01250) / FFFF0000 (02048)
1E1C8A (00506) / FFFF0000 (04096)
168A6E (06000) / FFFF0000 (08192)
16A1DE (03423) / FFFF0000 (06144)
164486 (01250) / FFFF0000 (02048)

(091)----
1E19AA (00735) / FFFF0000 (04096)
16AF3E (00945) / FFFF0000 (02048)
1E1E84 (01097) / FFFF0000 (04096)

(092)----
16C906 (01330) / FFFF0000 (02048)
16B2F0 (05654) / FFFF0000 (08192)
1E3296 (00442) / FFFF3000 (04096)
12C5A0 (02384) / FFFF0000 (08192)
16F760 (02853) / FFFF0000 (04096)

(093)----
164968 (05517) / FFFF0000 (08192)
16CE38 (05201) / FFFF0000 (08192)
16E28A (05334) / FFFF0000 (08192)
12CEF0 (01915) / FFFF0000 (04096)
12D66C (00348) / FFFF0000 (01024)
1E22CE (01455) / FFFF5000 (08192)
1E3450 (00356) / FFFF7000 (04096)
1E287E (00763) / FFFF0000 (04096)
1E287E (00763) / FFFF0000 (04096)
1E2B7A (01119) / FFFF0000 (04096)
1E35B4 (00870) / FFFF0000 (04096)
12C5A0 (02384) / FFFF0000 (08192)
131488 (02334) / FFFF0000 (04096)

(094)----
131DA6 (05326) / FFFF0000 (08192)
133274 (04377) / FFFF0000 (08192)
13438E (02169) / FFFF0000 (04096)
12CEF0 (01915) / FFFF0000 (04096)
12D66C (00348) / FFFF0000 (01024)
1E391A (03570) / FFFF5000 (08192)
1E597C (01107) / FFFF7000 (04096)
1EFEB0 (01358) / FFFF0000 (04096)
1F097C (00427) / FFFF0000 (04096)
12C5A0 (02384) / FFFF0000 (08192)
17AC10 (02934) / FFFF0000 (04096)
1406B8 (01300) / FFFF0000 (02048)
17B786 (01403) / FFFF0000 (02048)
17BD02 (05052) / FFFF0000 (08192)
17D0BE (06033) / FFFF0000 (08192)
17E850 (04780) / FFFF0000 (08192)
12CEF0 (01915) / FFFF0000 (04096)
12D66C (00348) / FFFF0000 (01024)
1EBCAC (01201) / FFFF5000 (08192)
1EC4E2 (00333) / FFFF7000 (04096)
1EC15E (00473) / FFFF0000 (04096)
1EC338 (00425) / FFFF0000 (04096)
17FAFC (01018) / FFFF0000 (02048)
12C5A0 (02384) / FFFF0000 (08192)
184F4C (02574) / FFFF0000 (04096)

(096)----

(095)----
15F828 (02001) / FFFF0000 (04096)
18139A (05019) / FFFF0000 (08192)
153448 (05151) / FFFF0000 (08192)
183B7A (05073) / FFFF0000 (08192)
12CEF0 (01915) / FFFF0000 (04096)
12D66C (00348) / FFFF0000 (01024)
1EC630 (03228) / FFFF5000 (08192)
1EEAF4 (00613) / FFFF7000 (04096)
1ED2CC (01000) / FFFF0000 (04096)
12C5A0 (02384) / FFFF0000 (08192)
1E391A (03570) / FFFF5000 (08192)

(097)----
1E597C (01107) / FFFF7000 (04096)
1F9C36 (00779) / FFFF0000 (04096)
12C5A0 (02384) / FFFF0000 (08192)
1CD88A (05355) / FFFF0000 (08192)
1D4CD4 (02877) / FFFF0000 (08192)
1CED76 (04661) / FFFF0000 (08192)
12CEF0 (01915) / FFFF0000 (04096)
12D66C (00348) / FFFF0000 (01024)
1E391A (03570) / FFFF5000 (08192)
1E597C (01107) / FFFF7000 (04096)
1F9C36 (00779) / FFFF0000 (04096)
1F9C36 (00779) / FFFF0000 (04096)
12A000 (04515) / FFFF0000 (08192)
009ED6 (00893) / FFFF0000 (01536)
12A000 (04515) / FFFF0000 (08192)
009ED6 (00893) / FFFF0000 (01536)

(098)----
1DC406 (04707) / FFFF0000 (08192)
1DD66A (04312) / FFFF0000 (07168)
12A000 (04515) / FFFF0000 (08192)
12B1A4 (03293) / FFFF0000 (08192)
1F8024 (01210) / FFFF0000 (04096)
1F84DE (01667) / FFFF0000 (04096)
1F84DE (01667) / FFFF0000 (04096)
1DC406 (04707) / FFFF0000 (08192)
1DD66A (04312) / FFFF0000 (07168)
12A000 (04515) / FFFF0000 (08192)
12B1A4 (03293) / FFFF0000 (08192)
1F8024 (01210) / FFFF0000 (04096)
1F84DE (01667) / FFFF0000 (04096)
1F84DE (01667) / FFFF0000 (04096)
12C5A0 (02384) / FFFF0000 (08192)
12D7C8 (04888) / FFFF0000 (08192)
12EAE0 (05920) / FFFF0000 (08192)
130200 (04743) / FFFF0000 (08192)
12CEF0 (01915) / FFFF0000 (04096)
12D66C (00348) / FFFF0000 (01024)
1E7CF6 (01617) / FFFF0000 (04096)
1E8348 (01015) / FFFF0000 (04096)
12C5A0 (02384) / FFFF0000 (08192)
131488 (02334) / FFFF0000 (04096)
131DA6 (05326) / FFFF0000 (08192)
133274 (04377) / FFFF0000 (08192)
13438E (02169) / FFFF0000 (04096)
12CEF0 (01915) / FFFF0000 (04096)
12D66C (00348) / FFFF0000 (01024)
1E391A (03570) / FFFF5000 (08192)
1E597C (01107) / FFFF7000 (04096)
1EFEB0 (01358) / FFFF0000 (04096)
1F03FE (00492) / FFFF0000 (04096)
12C5A0 (02384) / FFFF0000 (08192)
134C08 (04815) / FFFF0000 (08192)
135ED8 (05128) / FFFF0000 (08192)
1372E0 (03279) / FFFF0000 (06144)
137FB0 (01591) / FFFF0000 (02048)
1385E8 (04892) / FFFF0000 (08192)
12CEF0 (01915) / FFFF0000 (04096)
12D66C (00348) / FFFF0000 (01024)
1E391A (03570) / FFFF5000 (08192)
1E597C (01107) / FFFF7000 (04096)
1E470C (00484) / FFFF0000 (04096)
1E48F0 (00454) / FFFF1000 (04096)
1E532E (00619) / FFFF3000 (04096)
139904 (02381) / FFFF0000 (04096)
13A252 (03740) / FFFF0000 (08192)
13B0EE (01260) / FFFF0000 (02048)

(099)----
1E4AB6 (00276) / FFFF0000 (04096)
13B5DA (02736) / FFFF0000 (04096)
13C08A (03194) / FFFF0000 (06144)
13CD04 (01491) / FFFF0000 (02048)
1E559A (00994) / FF3000 (04096)
1E4F7A (00947) / FF0000 (04096)
1E4BCA (00944) / FF0000 (04096)
13D2D8 (01410) / FFFF0000 (02048)
13D85A (01462) / FFFF0000 (02048)
1E470C (00484) / FFFF0000 (04096)
16C906 (01330) / FFFF0000 (02048)
13DE10 (05240) / FFFF0000 (08192)
13F288 (02831) / FFFF0000 (04096)
13FD98 (02336) / FFFF0000 (04096)
12C5A0 (02384) / FFFF0000 (08192)
1406B8 (01300) / FFFF0000 (02048)
14C980 (00823) / FFFF0000 (02048)

(100)----
14CCB8 (02389) / FFFF0000 (04096)
157460 (02537) / FFFF0000 (04096)
14D60E (04486) / FFFF0000 (08192)
14E794 (01491) / FFFF0000 (04096)
14ED68 (01267) / FFFF0000 (02048)
12CEF0 (01915) / FFFF0000 (04096)
12D66C (00348) / FFFF0000 (01024)
1E8740 (03399) / FFFF5000 (08192)
1EA6A6 (00681) / FFFF7000 (04096)
1E9488 (00810) / FFFF0000 (04096)
1E97B2 (01952) / FFFF0000 (04096)
1E9F52 (00720) / FFFF1000 (04096)
14F25C (04045) / FFFF0000 (06144)
15022A (02463) / FFFF0000 (04096)

(101)----
150BCA (05286) / FFFF0000 (08192)
152070 (02904) / FFFF0000 (04096)
1E97B2 (01952) / FFFF0000 (04096)
1E9F52 (00720) / FFFF1000 (04096)
1EA222 (00485) / FFFF0000 (04096)
1E97B2 (01952) / FFFF0000 (04096)
1E9F52 (00720) / FFFF1000 (04096)
152BC8 (02175) / FFFF0000 (04096)
153448 (05151) / FFFF0000 (08192)
154868 (01656) / FFFF0000 (04096)
154EE0 (02620) / FFFF0000 (04096)
15591C (03183) / FFFF0000 (04096)
15658C (03796) / FFFF0000 (06144)
1EA408 (00670) / FFFF0000 (04096)

(102)----
12C5A0 (02384) / FFFF0000 (08192)
131488 (02334) / FFFF0000 (04096)

(103)----
131DA6 (05326) / FFFF0000 (08192)
133274 (04377) / FFFF0000 (08192)
13438E (02169) / FFFF0000 (04096)
12CEF0 (01915) / FFFF0000 (04096)
12D66C (00348) / FFFF0000 (01024)
1E391A (03570) / FFFF5000 (08192)
1E597C (01107) / FFFF7000 (04096)
1EFEB0 (01358) / FFFF0000 (04096)
1F05EA (00465) / FFFF0000 (04096)
12C5A0 (02384) / FFFF0000 (08192)
157E4A (05393) / FFFF0000 (08192)
15935C (05669) / FFFF0000 (08192)
15A982 (04114) / FFFF0000 (08192)
15B994 (05416) / FFFF0000 (08192)
12CEF0 (01915) / FFFF0000 (04096)
12D66C (00348) / FFFF0000 (01024)
1DECF0 (02735) / FFFF5000 (08192)
1E072A (00578) / FFFF7000 (04096)
1DF7A0 (00899) / FFFF0000 (04096)
1DFB24 (00819) / FFFF0000 (04096)
15CEBC (05879) / FFFF0000 (08192)
15E5B4 (04723) / FFFF0000 (08192)

(104)----
1DF7A0 (00899) / FFFF0000 (04096)
15F828 (02001) / FFFF0000 (04096)
15FFFA (04604) / FFFF0000 (08192)

(105)----
12C5A0 (02384) / FFFF0000 (08192)
15F828 (02001) / FFFF0000 (04096)
15FFFA (04604) / FFFF0000 (08192)
15A982 (04114) / FFFF0000 (08192)
15B994 (05416) / FFFF0000 (08192)
12CEF0 (01915) / FFFF0000 (04096)
12D66C (00348) / FFFF0000 (01024)
1DECF0 (02735) / FFFF5000 (08192)
1E072A (00578) / FFFF7000 (04096)
12C5A0 (02384) / FFFF0000 (08192)
1C01F4 (05343) / FFFF0000 (08192)
1BED6A (05257) / FFFF0000 (08192)
1C16D4 (06118) / FFFF0000 (08192)
1C2EBA (01643) / FFFF0000 (04096)
12CEF0 (01915) / FFFF0000 (04096)
12D66C (00348) / FFFF0000 (01024)
1EEF26 (03706) / FFFF5000 (08192)
1F36D0 (00869) / FFFF7000 (04096)
1EFDA0 (00272) / FFFF0000 (04096)
1C16D4 (06118) / FFFF0000 (08192)
1C2EBA (01643) / FFFF0000 (04096)

(106)----
1EFDA0 (00272) / FFFF0000 (04096)
1C3526 (05336) / FFFF0000 (08192)
1C49FE (01452) / FFFF0000 (08192)
12C5A0 (02384) / FFFF0000 (08192)
1D2C86 (02518) / FFFF0000 (04096)
1D365C (05751) / FFFF0000 (08192)
1D4CD4 (02877) / FFFF0000 (08192)
12CEF0 (01915) / FFFF0000 (04096)
12D66C (00348) / FFFF0000 (01024)
1F0B28 (05156) / FFFF5000 (08192)
1F36D0 (00869) / FFFF7000 (04096)
1FA212 (00562) / FFFF0000 (04096)
12C5A0 (02384) / FFFF0000 (08192)
1D2C86 (02518) / FFFF0000 (04096)
1D365C (05751) / FFFF0000 (08192)
1D4CD4 (02877) / FFFF0000 (08192)
12CEF0 (01915) / FFFF0000 (04096)
12D66C (00348) / FFFF0000 (01024)
1FB516 (02034) / FFFF5000 (08192)
1FBD08 (00481) / FFFF7000 (04096)
1FA444 (00520) / FFFF0000 (04096)
12A000 (04515) / FFFF0000 (08192)
009ED6 (00893) / FFFF0000 (01536)

(107)----
